#-----------------------------------------------------------
# PlanAhead v14.5 (64-bit)
# Build 247527 by xbuild on Mon Mar 25 17:13:07 MDT 2013
# Start of session at: Wed Oct 21 20:14:41 2020
# Process ID: 8844
# Log file: D:/HZIEE/2-COCP/2-Prac/P1-1/abs_dif/planAhead_run_2/planAhead.log
# Journal file: D:/HZIEE/2-COCP/2-Prac/P1-1/abs_dif/planAhead_run_2/planAhead.jou
#-----------------------------------------------------------
INFO: [Common 17-78] Attempting to get a license: PlanAhead
INFO: [Common 17-290] Got license for PlanAhead
INFO: [Common 17-86] Your PlanAhead license expires in -1420 day(s)
INFO: [Device 21-36] Loading parts and site information from C:/Xilinx/14.5/ISE_DS/PlanAhead/data/parts/arch.xml
Parsing RTL primitives file [C:/Xilinx/14.5/ISE_DS/PlanAhead/data/parts/xilinx/rtl/prims/rtl_prims.xml]
Finished parsing RTL primitives file [C:/Xilinx/14.5/ISE_DS/PlanAhead/data/parts/xilinx/rtl/prims/rtl_prims.xml]
start_gui
source D:/HZIEE/2-COCP/2-Prac/P1-1/abs_dif/pa.fromHdl.tcl
# create_project -name abs_dif -dir "D:/HZIEE/2-COCP/2-Prac/P1-1/abs_dif/planAhead_run_2" -part xa6slx16csg324-3
# set_param project.pinAheadLayout yes
# set srcset [get_property srcset [current_run -impl]]
# set_property target_constrs_file "mux21.ucf" [current_fileset -constrset]
Adding file 'D:/HZIEE/2-COCP/2-Prac/P1-1/abs_dif/mux21.ucf' to fileset 'constrs_1'
# set hdlfile [add_files [list {adder1b.v}]]
# set_property file_type Verilog $hdlfile
# set_property library work $hdlfile
# set hdlfile [add_files [list {full_adder4b.v}]]
# set_property file_type Verilog $hdlfile
# set_property library work $hdlfile
# set_property top full_adder4b $srcset
# add_files [list {mux21.ucf}] -fileset [get_property constrset [current_run]]
# open_rtl_design -part xa6slx16csg324-3
Using Verific elaboration
Parsing VHDL file "C:/Xilinx/14.5/ISE_DS/PlanAhead/data/parts/xilinx/rtl/lib/synplify/synattr.vhd" into library synplify
Analyzing Verilog file "D:/HZIEE/2-COCP/2-Prac/P1-1/abs_dif/adder1b.v" into library work
Analyzing Verilog file "D:/HZIEE/2-COCP/2-Prac/P1-1/abs_dif/full_adder4b.v" into library work
Loading clock regions from C:/Xilinx/14.5/ISE_DS/PlanAhead/data\parts/xilinx/spartan6/aspartan6/xa6slx16/ClockRegion.xml
Loading clock buffers from C:/Xilinx/14.5/ISE_DS/PlanAhead/data\parts/xilinx/spartan6/aspartan6/xa6slx16/ClockBuffers.xml
Loading package pin functions from C:/Xilinx/14.5/ISE_DS/PlanAhead/data\parts/xilinx/spartan6/PinFunctions.xml...
Loading package from C:/Xilinx/14.5/ISE_DS/PlanAhead/data\parts/xilinx/spartan6/aspartan6/xa6slx16/csg324/Package.xml
Loading io standards from C:/Xilinx/14.5/ISE_DS/PlanAhead/data\./parts/xilinx/spartan6/IOStandards.xml
Loading device configuration modes from C:/Xilinx/14.5/ISE_DS/PlanAhead/data\parts/xilinx/spartan6/ConfigModes.xml
Loading list of drcs for the architecture : C:/Xilinx/14.5/ISE_DS/PlanAhead/data\./parts/xilinx/spartan6/drc.xml
Parsing UCF File [D:/HZIEE/2-COCP/2-Prac/P1-1/abs_dif/mux21.ucf]
CRITICAL WARNING: [Constraints 18-11] Could not find net or pin 'in0[3]' [D:/HZIEE/2-COCP/2-Prac/P1-1/abs_dif/mux21.ucf:4]
CRITICAL WARNING: [Constraints 18-11] Could not find net or pin 'in0[2]' [D:/HZIEE/2-COCP/2-Prac/P1-1/abs_dif/mux21.ucf:5]
CRITICAL WARNING: [Constraints 18-11] Could not find net or pin 'in0[1]' [D:/HZIEE/2-COCP/2-Prac/P1-1/abs_dif/mux21.ucf:6]
CRITICAL WARNING: [Constraints 18-11] Could not find net or pin 'in0[0]' [D:/HZIEE/2-COCP/2-Prac/P1-1/abs_dif/mux21.ucf:7]
CRITICAL WARNING: [Constraints 18-11] Could not find net or pin 'in1[3]' [D:/HZIEE/2-COCP/2-Prac/P1-1/abs_dif/mux21.ucf:8]
CRITICAL WARNING: [Constraints 18-11] Could not find net or pin 'in1[2]' [D:/HZIEE/2-COCP/2-Prac/P1-1/abs_dif/mux21.ucf:9]
CRITICAL WARNING: [Constraints 18-11] Could not find net or pin 'in1[1]' [D:/HZIEE/2-COCP/2-Prac/P1-1/abs_dif/mux21.ucf:10]
CRITICAL WARNING: [Constraints 18-11] Could not find net or pin 'in1[0]' [D:/HZIEE/2-COCP/2-Prac/P1-1/abs_dif/mux21.ucf:11]
CRITICAL WARNING: [Constraints 18-11] Could not find net or pin 'out[3]' [D:/HZIEE/2-COCP/2-Prac/P1-1/abs_dif/mux21.ucf:12]
CRITICAL WARNING: [Constraints 18-11] Could not find net or pin 'out[2]' [D:/HZIEE/2-COCP/2-Prac/P1-1/abs_dif/mux21.ucf:13]
CRITICAL WARNING: [Constraints 18-11] Could not find net or pin 'out[1]' [D:/HZIEE/2-COCP/2-Prac/P1-1/abs_dif/mux21.ucf:14]
CRITICAL WARNING: [Constraints 18-11] Could not find net or pin 'out[0]' [D:/HZIEE/2-COCP/2-Prac/P1-1/abs_dif/mux21.ucf:15]
CRITICAL WARNING: [Constraints 18-11] Could not find net or pin 'sel' [D:/HZIEE/2-COCP/2-Prac/P1-1/abs_dif/mux21.ucf:16]
Finished Parsing UCF File [D:/HZIEE/2-COCP/2-Prac/P1-1/abs_dif/mux21.ucf]
INFO: [Designutils 20-20] Invalid constraints found, use command 'write_ucf -constraints invalid <file>' to save all the invalid constraints to a file
INFO: [Project 1-111] Unisim Transformation Summary:
No Unisim elements were transformed.

Phase 0 | Netlist Checksum: c6906fa9
open_rtl_design: Time (s): elapsed = 00:00:06 . Memory (MB): peak = 647.840 ; gain = 208.195
update_compile_order -fileset sim_1
startgroup
set_property package_pin T5 [get_ports {a[3]}]
endgroup
startgroup
set_property package_pin V8 [get_ports {a[2]}]
endgroup
startgroup
set_property package_pin U8 [get_ports {a[1]}]
endgroup
startgroup
set_property package_pin N8 [get_ports {a[0]}]
endgroup
startgroup
set_property package_pin M8 [get_ports {b[3]}]
endgroup
startgroup
set_property package_pin V9 [get_ports {b[2]}]
endgroup
startgroup
set_property package_pin T9 [get_ports {b[1]}]
endgroup
startgroup
set_property package_pin T10 [get_ports {b[0]}]
endgroup
startgroup
set_property package_pin T11 [get_ports {s[3]}]
endgroup
startgroup
set_property package_pin R11 [get_ports {s[2]}]
endgroup
startgroup
set_property package_pin N11 [get_ports {s[1]}]
endgroup
startgroup
set_property package_pin M11 [get_ports {s[0]}]
endgroup
startgroup
set_property package_pin V16 [get_ports ci]
endgroup
startgroup
set_property package_pin U16 [get_ports co]
endgroup
save_constraints
exit
ERROR: [PlanAhead 12-106] *** Exception: ui.h.b: Found deleted key in HTclEventBroker. Verify if the classes listed here call cleanup()
HTclEvent: DEBUG_PORT_CONFIG_CHANGE   Classes: ui.views.aR 
HTclEvent: SIGNAL_BUS_MODIFY   Classes: ui.views.aR 
HTclEvent: DEBUG_CORE_CONFIG_CHANGE   Classes: ui.views.aR 
HTclEvent: SIGNAL_MODIFY   Classes: ui.views.aR 
 (See D:/HZIEE/2-COCP/2-Prac/P1-1/abs_dif\planAhead_pid8844.debug)
ERROR: [Common 17-39] 'stop_gui' failed due to earlier errors.
INFO: [Common 17-206] Exiting PlanAhead at Wed Oct 21 20:25:29 2020...
INFO: [Common 17-83] Releasing license: PlanAhead
