#-----------------------------------------------------------
# PlanAhead v14.5 (64-bit)
# Build 247527 by xbuild on Mon Mar 25 17:13:07 MDT 2013
# Start of session at: Thu Oct 15 12:24:17 2020
# Process ID: 8676
# Log file: D:/HZIEE/2-COCP/2-Prac/P1-1/adder/planAhead_run_1/planAhead.log
# Journal file: D:/HZIEE/2-COCP/2-Prac/P1-1/adder/planAhead_run_1/planAhead.jou
#-----------------------------------------------------------
INFO: [Common 17-78] Attempting to get a license: PlanAhead
INFO: [Common 17-290] Got license for PlanAhead
INFO: [Common 17-86] Your PlanAhead license expires in -1414 day(s)
INFO: [Device 21-36] Loading parts and site information from C:/Xilinx/14.5/ISE_DS/PlanAhead/data/parts/arch.xml
Parsing RTL primitives file [C:/Xilinx/14.5/ISE_DS/PlanAhead/data/parts/xilinx/rtl/prims/rtl_prims.xml]
Finished parsing RTL primitives file [C:/Xilinx/14.5/ISE_DS/PlanAhead/data/parts/xilinx/rtl/prims/rtl_prims.xml]
start_gui
source D:/HZIEE/2-COCP/2-Prac/P1-1/adder/pa.fromHdl.tcl
# create_project -name adder -dir "D:/HZIEE/2-COCP/2-Prac/P1-1/adder/planAhead_run_1" -part xa6slx16csg324-3
# set_param project.pinAheadLayout yes
# set srcset [get_property srcset [current_run -impl]]
# set_property target_constrs_file "adder.ucf" [current_fileset -constrset]
Adding file 'D:/HZIEE/2-COCP/2-Prac/P1-1/adder/adder.ucf' to fileset 'constrs_1'
# set hdlfile [add_files [list {adder.v}]]
# set_property file_type Verilog $hdlfile
# set_property library work $hdlfile
# set_property top adder $srcset
# add_files [list {adder.ucf}] -fileset [get_property constrset [current_run]]
# open_rtl_design -part xa6slx16csg324-3
Using Verific elaboration
Parsing VHDL file "C:/Xilinx/14.5/ISE_DS/PlanAhead/data/parts/xilinx/rtl/lib/synplify/synattr.vhd" into library synplify
Analyzing Verilog file "D:/HZIEE/2-COCP/2-Prac/P1-1/adder/adder.v" into library work
Loading clock regions from C:/Xilinx/14.5/ISE_DS/PlanAhead/data\parts/xilinx/spartan6/aspartan6/xa6slx16/ClockRegion.xml
Loading clock buffers from C:/Xilinx/14.5/ISE_DS/PlanAhead/data\parts/xilinx/spartan6/aspartan6/xa6slx16/ClockBuffers.xml
Loading package pin functions from C:/Xilinx/14.5/ISE_DS/PlanAhead/data\parts/xilinx/spartan6/PinFunctions.xml...
Loading package from C:/Xilinx/14.5/ISE_DS/PlanAhead/data\parts/xilinx/spartan6/aspartan6/xa6slx16/csg324/Package.xml
Loading io standards from C:/Xilinx/14.5/ISE_DS/PlanAhead/data\./parts/xilinx/spartan6/IOStandards.xml
Loading device configuration modes from C:/Xilinx/14.5/ISE_DS/PlanAhead/data\parts/xilinx/spartan6/ConfigModes.xml
Loading list of drcs for the architecture : C:/Xilinx/14.5/ISE_DS/PlanAhead/data\./parts/xilinx/spartan6/drc.xml
Parsing UCF File [D:/HZIEE/2-COCP/2-Prac/P1-1/adder/adder.ucf]
Finished Parsing UCF File [D:/HZIEE/2-COCP/2-Prac/P1-1/adder/adder.ucf]
INFO: [Project 1-111] Unisim Transformation Summary:
No Unisim elements were transformed.

Phase 0 | Netlist Checksum: 55fe2d56
open_rtl_design: Time (s): elapsed = 00:00:08 . Memory (MB): peak = 623.477 ; gain = 167.430
update_compile_order -fileset sim_1
startgroup
set_property package_pin T5 [get_ports A]
endgroup
startgroup
set_property package_pin V8 [get_ports B]
endgroup
startgroup
set_property package_pin U8 [get_ports CI]
endgroup
startgroup
set_property package_pin T11 [get_ports CO]
endgroup
startgroup
set_property package_pin R11 [get_ports SO]
endgroup
save_constraints
exit
ERROR: [PlanAhead 12-106] *** Exception: ui.h.b: Found deleted key in HTclEventBroker. Verify if the classes listed here call cleanup()
HTclEvent: DEBUG_CORE_CONFIG_CHANGE   Classes: ui.views.aR 
HTclEvent: SIGNAL_BUS_MODIFY   Classes: ui.views.aR 
HTclEvent: SIGNAL_MODIFY   Classes: ui.views.aR 
HTclEvent: DEBUG_PORT_CONFIG_CHANGE   Classes: ui.views.aR 
 (See D:/HZIEE/2-COCP/2-Prac/P1-1/adder\planAhead_pid8676.debug)
ERROR: [Common 17-39] 'stop_gui' failed due to earlier errors.
INFO: [Common 17-206] Exiting PlanAhead at Thu Oct 15 12:25:45 2020...
INFO: [Common 17-83] Releasing license: PlanAhead
