--------------------------------------------------------------------------------
Release 14.5 Trace  (nt64)
Copyright (c) 1995-2012 Xilinx, Inc.  All rights reserved.

C:\Xilinx\14.5\ISE_DS\ISE\bin\nt64\unwrapped\trce.exe -intstyle ise -v 3 -s 3
-n 3 -fastpaths -xml mux21.twx mux21.ncd -o mux21.twr mux21.pcf -ucf mux21.ucf

Design file:              mux21.ncd
Physical constraint file: mux21.pcf
Device,package,speed:     xa6slx16,csg324,I,-3 (PRODUCTION 1.23 2013-03-26)
Report level:             verbose report

Environment Variable      Effect 
--------------------      ------ 
NONE                      No environment variables were set
--------------------------------------------------------------------------------

INFO:Timing:2698 - No timing constraints found, doing default enumeration.
INFO:Timing:3412 - To improve timing, see the Timing Closure User Guide (UG612).
INFO:Timing:2752 - To get complete path coverage, use the unconstrained paths 
   option. All paths that are not constrained will be reported in the 
   unconstrained paths section(s) of the report.
INFO:Timing:3339 - The clock-to-out numbers in this timing report are based on 
   a 50 Ohm transmission line loading model.  For the details of this model, 
   and for more information on accounting for different loading conditions, 
   please see the device datasheet.



Data Sheet report:
-----------------
All values displayed in nanoseconds (ns)

Pad to Pad
---------------+---------------+---------+
Source Pad     |Destination Pad|  Delay  |
---------------+---------------+---------+
in0<0>         |out<0>         |    8.055|
in0<1>         |out<1>         |    7.692|
in0<2>         |out<2>         |    7.708|
in0<3>         |out<3>         |    7.981|
in1<0>         |out<0>         |    8.090|
in1<1>         |out<1>         |    7.535|
in1<2>         |out<2>         |    7.643|
in1<3>         |out<3>         |    7.804|
sel            |out<0>         |   10.836|
sel            |out<1>         |   10.927|
sel            |out<2>         |   10.829|
sel            |out<3>         |   10.653|
---------------+---------------+---------+


Analysis completed Wed Oct 21 19:59:13 2020 
--------------------------------------------------------------------------------

Trace Settings:
-------------------------
Trace Settings 

Peak Memory Usage: 4554 MB



