--------------------------------------------------------------------------------
Release 14.5 Trace  (nt64)
Copyright (c) 1995-2012 Xilinx, Inc.  All rights reserved.

C:\Xilinx\14.5\ISE_DS\ISE\bin\nt64\unwrapped\trce.exe -intstyle ise -v 3 -s 3
-n 3 -fastpaths -xml adder_pro.twx adder_pro.ncd -o adder_pro.twr adder_pro.pcf
-ucf adder_pro.ucf

Design file:              adder_pro.ncd
Physical constraint file: adder_pro.pcf
Device,package,speed:     xa6slx16,csg324,I,-3 (PRODUCTION 1.23 2013-03-26)
Report level:             verbose report

Environment Variable      Effect 
--------------------      ------ 
NONE                      No environment variables were set
--------------------------------------------------------------------------------

INFO:Timing:2698 - No timing constraints found, doing default enumeration.
INFO:Timing:3412 - To improve timing, see the Timing Closure User Guide (UG612).
INFO:Timing:2752 - To get complete path coverage, use the unconstrained paths 
   option. All paths that are not constrained will be reported in the 
   unconstrained paths section(s) of the report.
INFO:Timing:3339 - The clock-to-out numbers in this timing report are based on 
   a 50 Ohm transmission line loading model.  For the details of this model, 
   and for more information on accounting for different loading conditions, 
   please see the device datasheet.



Data Sheet report:
-----------------
All values displayed in nanoseconds (ns)

Pad to Pad
---------------+---------------+---------+
Source Pad     |Destination Pad|  Delay  |
---------------+---------------+---------+
x<0>           |cout           |    7.618|
x<0>           |overflow       |    7.501|
x<0>           |s<0>           |    7.951|
x<0>           |s<1>           |    8.013|
x<0>           |s<2>           |    7.573|
x<0>           |s<3>           |    7.833|
x<1>           |cout           |    8.070|
x<1>           |overflow       |    7.953|
x<1>           |s<1>           |    8.029|
x<1>           |s<2>           |    7.651|
x<1>           |s<3>           |    8.285|
x<2>           |cout           |    7.780|
x<2>           |overflow       |    7.663|
x<2>           |s<2>           |    7.543|
x<2>           |s<3>           |    7.995|
x<3>           |cout           |    7.755|
x<3>           |overflow       |    7.638|
x<3>           |s<3>           |    7.772|
y<0>           |cout           |    8.629|
y<0>           |overflow       |    8.512|
y<0>           |s<0>           |    7.520|
y<0>           |s<1>           |    7.582|
y<0>           |s<2>           |    8.419|
y<0>           |s<3>           |    8.844|
y<1>           |cout           |    8.150|
y<1>           |overflow       |    8.033|
y<1>           |s<1>           |    7.763|
y<1>           |s<2>           |    8.325|
y<1>           |s<3>           |    8.365|
y<2>           |cout           |    7.915|
y<2>           |overflow       |    7.798|
y<2>           |s<2>           |    7.381|
y<2>           |s<3>           |    8.130|
y<3>           |cout           |    7.291|
y<3>           |overflow       |    7.174|
y<3>           |s<3>           |    7.667|
---------------+---------------+---------+


Analysis completed Wed Oct 21 23:24:17 2020 
--------------------------------------------------------------------------------

Trace Settings:
-------------------------
Trace Settings 

Peak Memory Usage: 4554 MB



