Running: C:\Xilinx\14.5\ISE_DS\ISE\bin\nt64\unwrapped\fuse.exe -intstyle ise -incremental -lib unisims_ver -lib unimacro_ver -lib xilinxcorelib_ver -lib secureip -o D:/HZIEE/2-COCP/works/1-final/ex5_mm/mm/mm_tb_isim_beh.exe -prj D:/HZIEE/2-COCP/works/1-final/ex5_mm/mm/mm_tb_beh.prj work.mm_tb work.glbl 
ISim P.58f (signature 0x7708f090)
Number of CPUs detected in this system: 8
Turning on mult-threading, number of parallel sub-compilation jobs: 16 
Determining compilation order of HDL files
Analyzing Verilog file "D:/HZIEE/2-COCP/works/1-final/ex5_mm/mm/ipcore_dir/RAM_B.v" into library work
Analyzing Verilog file "D:/HZIEE/2-COCP/works/1-final/ex5_mm/mm/regs.v" into library work
Analyzing Verilog file "D:/HZIEE/2-COCP/works/1-final/ex5_mm/mm/ram.v" into library work
Analyzing Verilog file "D:/HZIEE/2-COCP/works/1-final/ex5_mm/mm/mm.v" into library work
Analyzing Verilog file "D:/HZIEE/2-COCP/works/1-final/ex5_mm/mm/mm_tb.v" into library work
Analyzing Verilog file "C:/Xilinx/14.5/ISE_DS/ISE//verilog/src/glbl.v" into library work
Starting static elaboration
WARNING:HDLCompiler:189 - "D:/HZIEE/2-COCP/works/1-final/ex5_mm/mm/mm.v" Line 52: Size mismatch in connection of port <W_Data>. Formal port size is 33-bit while actual signal size is 32-bit.
WARNING:HDLCompiler:189 - "D:/HZIEE/2-COCP/works/1-final/ex5_mm/mm/ram.v" Line 31: Size mismatch in connection of port <addra>. Formal port size is 4-bit while actual signal size is 1-bit.
Completed static elaboration
Compiling module regs
Compiling module BLK_MEM_GEN_V7_3_output_stage(C_...
Compiling module BLK_MEM_GEN_V7_3_softecc_output_...
Compiling module BLK_MEM_GEN_V7_3_mem_module(C_CO...
Compiling module BLK_MEM_GEN_V7_3(C_FAMILY="spart...
Compiling module RAM_B
Compiling module ram
Compiling module mm
Compiling module mm_tb
Compiling module glbl
Time Resolution for simulation is 1ps.
Waiting for 1 sub-compilation(s) to finish...
Compiled 10 Verilog Units
Built simulation executable D:/HZIEE/2-COCP/works/1-final/ex5_mm/mm/mm_tb_isim_beh.exe
Fuse Memory Usage: 33280 KB
Fuse CPU Usage: 453 ms
