ISim log file
Running: E:\home\shadow\hziee\2-COCP\works\1-final\ex9_ricpu\RICPU\RI_CPU_TB_isim_beh.exe -intstyle ise -gui -tclbatch isim.cmd -wdb E:/home/shadow/hziee/2-COCP/works/1-final/ex9_ricpu/RICPU/RI_CPU_TB_isim_beh.wdb 
ISim P.58f (signature 0x7708f090)
----------------------------------------------------------------------
WARNING:Security:42 - Your software subscription period has lapsed. Your current version of Xilinx tools will continue to function, but you no longer qualify for Xilinx software updates or new releases.


----------------------------------------------------------------------
This is a Full version of ISim.
WARNING: File "E:/home/shadow/hziee/2-COCP/works/1-final/ex9_ricpu/RICPU/RI_CPU.v" Line 89.  For instance uut/RAMTMD/, width 32 of formal port dina is not equal to width 1 of actual signal dina.
WARNING: File "E:/home/shadow/hziee/2-COCP/works/1-final/ex9_ricpu/RICPU/RI_CPU.v" Line 90.  For instance uut/RAMTMD/, width 32 of formal port douta is not equal to width 1 of actual signal douta.
Time resolution is 1 ps
# onerror resume
# wave add /
# run 1000 ns
Simulator is doing circuit initialization process.
 Block Memory Generator CORE Generator module loading initial data...
 Block Memory Generator data initialization complete.
Block Memory Generator CORE Generator module RI_CPU_TB.uut.ROMTMD.inst.\native_mem_module.blk_mem_gen_v7_3_inst  is using a behavioral model for simulation which will not precisely model memory collision behavior.
 Block Memory Generator CORE Generator module loading initial data...
 Block Memory Generator data initialization complete.
Block Memory Generator CORE Generator module RI_CPU_TB.uut.RAMTMD.inst.\native_mem_module.blk_mem_gen_v7_3_inst  is using a behavioral model for simulation which will not precisely model memory collision behavior.
Finished circuit initialization process.
