Running: C:\Xilinx\14.5\ISE_DS\ISE\bin\nt64\unwrapped\fuse.exe -intstyle ise -incremental -lib unisims_ver -lib unimacro_ver -lib xilinxcorelib_ver -lib secureip -o D:/HZIEE/2-COCP/ChipVerify/P0-3/adder/f_adder_tb_isim_beh.exe -prj D:/HZIEE/2-COCP/ChipVerify/P0-3/adder/f_adder_tb_beh.prj work.f_adder_tb work.glbl 
ISim P.58f (signature 0x7708f090)
Number of CPUs detected in this system: 8
Turning on mult-threading, number of parallel sub-compilation jobs: 16 
Determining compilation order of HDL files
Analyzing Verilog file "D:/HZIEE/2-COCP/ChipVerify/P0-3/adder/or2a.v" into library work
Analyzing Verilog file "D:/HZIEE/2-COCP/ChipVerify/P0-3/adder/h_adder.v" into library work
Analyzing Verilog file "D:/HZIEE/2-COCP/ChipVerify/P0-3/adder/f_adder.v" into library work
Analyzing Verilog file "D:/HZIEE/2-COCP/ChipVerify/P0-3/adder/f_adder_tb.v" into library work
Analyzing Verilog file "C:/Xilinx/14.5/ISE_DS/ISE//verilog/src/glbl.v" into library work
Starting static elaboration
Completed static elaboration
Compiling module h_adder
Compiling module or2a
Compiling module f_adder
Compiling module f_adder_tb
Compiling module glbl
Time Resolution for simulation is 1ps.
Waiting for 1 sub-compilation(s) to finish...
Compiled 5 Verilog Units
Built simulation executable D:/HZIEE/2-COCP/ChipVerify/P0-3/adder/f_adder_tb_isim_beh.exe
Fuse Memory Usage: 28448 KB
Fuse CPU Usage: 389 ms
